{"content": {"suites": {"0": {"status": {"total_pass": 0, "total_skip": 0, "total_xpass": 0, "total_xfail": 0, "total_rerun": 0, "total_fail": 3, "total_error": 0}, "tests": {"0": {"status": "FAIL", "message": "   selenium.common.exceptions.TimeoutException: Message: Element '('xpath', '//*[@id=\"app\"]/main/div/div/div[2]/h2')' not found\n   Stacktrace:\n   WebDriverError@chrome://marionette/content/error.js:178:5\n   NoSuchElementError@chrome://marionette/content/error.js:388:5\n   element.find/</<@chrome://marionette/content/element.js:339:16\n", "test_name": "test_step1", "rerun": "0"}, "1": {"status": "FAIL", "message": "   selenium.common.exceptions.TimeoutException: Message: Element '('xpath', '//*[@id=\"app\"]/main/nav/ul/li[3]/a')' not found\n   Stacktrace:\n   WebDriverError@chrome://marionette/content/error.js:178:5\n   NoSuchElementError@chrome://marionette/content/error.js:388:5\n   element.find/</<@chrome://marionette/content/element.js:339:16\n", "test_name": "test_step2", "rerun": "0"}, "2": {"status": "FAIL", "message": "   selenium.common.exceptions.TimeoutException: Message: Element '('xpath', '//*[@id=\"app\"]/main/nav/ul/li[1]/a')' not found\n   Stacktrace:\n   WebDriverError@chrome://marionette/content/error.js:178:5\n   NoSuchElementError@chrome://marionette/content/error.js:388:5\n   element.find/</<@chrome://marionette/content/element.js:339:16\n", "test_name": "test_step3", "rerun": "0"}}, "suite_name": "test3.py"}}}, "date": "June 05, 2024", "start_time": 1717611362.1273723, "total_suite": 1, "status": "FAIL", "status_list": {"pass": "0", "fail": "3", "skip": "0", "error": "0", "xpass": "0", "xfail": "0", "rerun": "0"}, "total_tests": "3"}